<?xml version="1.0" encoding="UTF-8"?>
<!-- Generated by org.testng.reporters.JUnitXMLReporter -->
<testsuite ignored="0" hostname="LAPTOP-FQPDSU1B" failures="1" tests="3" name="Surefire test" time="33.917" errors="0" timestamp="2023-08-17T12:59:46 BST">
  <testcase classname="io.cucumber.testng.AbstractTestNGCucumberTests" name="runScenario" time="32.766"/>
  <testcase classname="io.cucumber.testng.AbstractTestNGCucumberTests" name="runScenario" time="32.767">
    <failure type="java.lang.AssertionError" message="expected [Beetroot] but found [No data]">
      <![CDATA[java.lang.AssertionError: expected [Beetroot] but found [No data]
at stepDefination.Offerpagestepdefination.validate_productname_in_offers_page(Offerpagestepdefination.java:67)
at ✽.validate productName in offers page  matches  with landing page(file:///D:/CucumberFramework/src/test/java/features/searchProduct.feature:9)
... Removed 6 stack frames]]>
    </failure>
  </testcase> <!-- runScenario -->
  <testcase classname="io.cucumber.testng.AbstractTestNGCucumberTests" name="runScenario" time="32.794"/>
</testsuite> <!-- Surefire test -->
