<?xml version="1.0" encoding="UTF-8"?>
<!-- Generated by org.testng.reporters.JUnitReportReporter -->
<testsuite hostname="LAPTOP-FQPDSU1B" failures="1" tests="1" name="CucumberOptions.FailedTestNgTestRunner2" time="11.881" errors="0" timestamp="2023-08-15T13:05:47 BST" skipped="0">
  <testcase classname="CucumberOptions.FailedTestNgTestRunner2" name="runScenario" time="11.881">
    <failure message="expected [Beetroot] but found [No data]" type="java.lang.AssertionError">
      <![CDATA[java.lang.AssertionError: expected [Beetroot] but found [No data]
at org.testng.Assert.fail(Assert.java:111)
at org.testng.Assert.failNotEquals(Assert.java:1578)
at org.testng.Assert.assertEqualsImpl(Assert.java:150)
at org.testng.Assert.assertEquals(Assert.java:132)
at org.testng.Assert.assertEquals(Assert.java:656)
at org.testng.Assert.assertEquals(Assert.java:666)
at stepDefination.Offerpagestepdefination.validate_productname_in_offers_page(Offerpagestepdefination.java:67)
at ✽.validate productName in offers page  matches  with landing page(file:///D:/CucumberFramework/src/test/java/features/searchProduct.feature:9)
]]>
    </failure>
  </testcase> <!-- runScenario -->
</testsuite> <!-- CucumberOptions.FailedTestNgTestRunner2 -->
